CRITICAL - 2024-05-12 12:41:33 --> TypeError: key_exists(): Argument #2 ($array) must be of type array, null given
in APPPATH\Controllers\Main.php on line 22.
 1 APPPATH\Controllers\Main.php(22): key_exists('api_url', null)
 2 SYSTEMPATH\CodeIgniter.php(941): App\Controllers\Main->init()
 3 SYSTEMPATH\CodeIgniter.php(502): CodeIgniter\CodeIgniter->runController(Object(App\Controllers\Main))
 4 SYSTEMPATH\CodeIgniter.php(361): CodeIgniter\CodeIgniter->handleRequest(null, Object(Config\Cache), false)
 5 FCPATH\index.php(79): CodeIgniter\CodeIgniter->run()
CRITICAL - 2024-05-12 12:41:33 --> TypeError: key_exists(): Argument #2 ($array) must be of type array, null given
in APPPATH\Controllers\Main.php on line 22.
 1 APPPATH\Controllers\Main.php(22): key_exists('api_url', null)
 2 SYSTEMPATH\CodeIgniter.php(941): App\Controllers\Main->init()
 3 SYSTEMPATH\CodeIgniter.php(502): CodeIgniter\CodeIgniter->runController(Object(App\Controllers\Main))
 4 SYSTEMPATH\CodeIgniter.php(361): CodeIgniter\CodeIgniter->handleRequest(null, Object(Config\Cache), false)
 5 FCPATH\index.php(79): CodeIgniter\CodeIgniter->run()
CRITICAL - 2024-05-12 12:41:34 --> TypeError: key_exists(): Argument #2 ($array) must be of type array, null given
in APPPATH\Controllers\Main.php on line 22.
 1 APPPATH\Controllers\Main.php(22): key_exists('api_url', null)
 2 SYSTEMPATH\CodeIgniter.php(941): App\Controllers\Main->init()
 3 SYSTEMPATH\CodeIgniter.php(502): CodeIgniter\CodeIgniter->runController(Object(App\Controllers\Main))
 4 SYSTEMPATH\CodeIgniter.php(361): CodeIgniter\CodeIgniter->handleRequest(null, Object(Config\Cache), false)
 5 FCPATH\index.php(79): CodeIgniter\CodeIgniter->run()
CRITICAL - 2024-05-12 12:41:34 --> TypeError: key_exists(): Argument #2 ($array) must be of type array, null given
in APPPATH\Controllers\Main.php on line 22.
 1 APPPATH\Controllers\Main.php(22): key_exists('api_url', null)
 2 SYSTEMPATH\CodeIgniter.php(941): App\Controllers\Main->init()
 3 SYSTEMPATH\CodeIgniter.php(502): CodeIgniter\CodeIgniter->runController(Object(App\Controllers\Main))
 4 SYSTEMPATH\CodeIgniter.php(361): CodeIgniter\CodeIgniter->handleRequest(null, Object(Config\Cache), false)
 5 FCPATH\index.php(79): CodeIgniter\CodeIgniter->run()
CRITICAL - 2024-05-12 12:41:34 --> TypeError: key_exists(): Argument #2 ($array) must be of type array, null given
in APPPATH\Controllers\Main.php on line 22.
 1 APPPATH\Controllers\Main.php(22): key_exists('api_url', null)
 2 SYSTEMPATH\CodeIgniter.php(941): App\Controllers\Main->init()
 3 SYSTEMPATH\CodeIgniter.php(502): CodeIgniter\CodeIgniter->runController(Object(App\Controllers\Main))
 4 SYSTEMPATH\CodeIgniter.php(361): CodeIgniter\CodeIgniter->handleRequest(null, Object(Config\Cache), false)
 5 FCPATH\index.php(79): CodeIgniter\CodeIgniter->run()
CRITICAL - 2024-05-12 12:46:59 --> TypeError: key_exists(): Argument #2 ($array) must be of type array, null given
in APPPATH\Controllers\Main.php on line 25.
 1 APPPATH\Controllers\Main.php(25): key_exists('api_url', null)
 2 SYSTEMPATH\CodeIgniter.php(941): App\Controllers\Main->init()
 3 SYSTEMPATH\CodeIgniter.php(502): CodeIgniter\CodeIgniter->runController(Object(App\Controllers\Main))
 4 SYSTEMPATH\CodeIgniter.php(361): CodeIgniter\CodeIgniter->handleRequest(null, Object(Config\Cache), false)
 5 FCPATH\index.php(79): CodeIgniter\CodeIgniter->run()
CRITICAL - 2024-05-12 12:46:59 --> TypeError: key_exists(): Argument #2 ($array) must be of type array, null given
in APPPATH\Controllers\Main.php on line 25.
 1 APPPATH\Controllers\Main.php(25): key_exists('api_url', null)
 2 SYSTEMPATH\CodeIgniter.php(941): App\Controllers\Main->init()
 3 SYSTEMPATH\CodeIgniter.php(502): CodeIgniter\CodeIgniter->runController(Object(App\Controllers\Main))
 4 SYSTEMPATH\CodeIgniter.php(361): CodeIgniter\CodeIgniter->handleRequest(null, Object(Config\Cache), false)
 5 FCPATH\index.php(79): CodeIgniter\CodeIgniter->run()
CRITICAL - 2024-05-12 12:46:59 --> TypeError: key_exists(): Argument #2 ($array) must be of type array, null given
in APPPATH\Controllers\Main.php on line 25.
 1 APPPATH\Controllers\Main.php(25): key_exists('api_url', null)
 2 SYSTEMPATH\CodeIgniter.php(941): App\Controllers\Main->init()
 3 SYSTEMPATH\CodeIgniter.php(502): CodeIgniter\CodeIgniter->runController(Object(App\Controllers\Main))
 4 SYSTEMPATH\CodeIgniter.php(361): CodeIgniter\CodeIgniter->handleRequest(null, Object(Config\Cache), false)
 5 FCPATH\index.php(79): CodeIgniter\CodeIgniter->run()
CRITICAL - 2024-05-12 12:46:59 --> TypeError: key_exists(): Argument #2 ($array) must be of type array, null given
in APPPATH\Controllers\Main.php on line 25.
 1 APPPATH\Controllers\Main.php(25): key_exists('api_url', null)
 2 SYSTEMPATH\CodeIgniter.php(941): App\Controllers\Main->init()
 3 SYSTEMPATH\CodeIgniter.php(502): CodeIgniter\CodeIgniter->runController(Object(App\Controllers\Main))
 4 SYSTEMPATH\CodeIgniter.php(361): CodeIgniter\CodeIgniter->handleRequest(null, Object(Config\Cache), false)
 5 FCPATH\index.php(79): CodeIgniter\CodeIgniter->run()
CRITICAL - 2024-05-12 12:46:59 --> TypeError: key_exists(): Argument #2 ($array) must be of type array, null given
in APPPATH\Controllers\Main.php on line 25.
 1 APPPATH\Controllers\Main.php(25): key_exists('api_url', null)
 2 SYSTEMPATH\CodeIgniter.php(941): App\Controllers\Main->init()
 3 SYSTEMPATH\CodeIgniter.php(502): CodeIgniter\CodeIgniter->runController(Object(App\Controllers\Main))
 4 SYSTEMPATH\CodeIgniter.php(361): CodeIgniter\CodeIgniter->handleRequest(null, Object(Config\Cache), false)
 5 FCPATH\index.php(79): CodeIgniter\CodeIgniter->run()
CRITICAL - 2024-05-12 12:47:01 --> TypeError: key_exists(): Argument #2 ($array) must be of type array, null given
in APPPATH\Controllers\Main.php on line 25.
 1 APPPATH\Controllers\Main.php(25): key_exists('api_url', null)
 2 SYSTEMPATH\CodeIgniter.php(941): App\Controllers\Main->init()
 3 SYSTEMPATH\CodeIgniter.php(502): CodeIgniter\CodeIgniter->runController(Object(App\Controllers\Main))
 4 SYSTEMPATH\CodeIgniter.php(361): CodeIgniter\CodeIgniter->handleRequest(null, Object(Config\Cache), false)
 5 FCPATH\index.php(79): CodeIgniter\CodeIgniter->run()
CRITICAL - 2024-05-12 12:47:01 --> TypeError: key_exists(): Argument #2 ($array) must be of type array, null given
in APPPATH\Controllers\Main.php on line 25.
 1 APPPATH\Controllers\Main.php(25): key_exists('api_url', null)
 2 SYSTEMPATH\CodeIgniter.php(941): App\Controllers\Main->init()
 3 SYSTEMPATH\CodeIgniter.php(502): CodeIgniter\CodeIgniter->runController(Object(App\Controllers\Main))
 4 SYSTEMPATH\CodeIgniter.php(361): CodeIgniter\CodeIgniter->handleRequest(null, Object(Config\Cache), false)
 5 FCPATH\index.php(79): CodeIgniter\CodeIgniter->run()
CRITICAL - 2024-05-12 12:47:01 --> TypeError: key_exists(): Argument #2 ($array) must be of type array, null given
in APPPATH\Controllers\Main.php on line 25.
 1 APPPATH\Controllers\Main.php(25): key_exists('api_url', null)
 2 SYSTEMPATH\CodeIgniter.php(941): App\Controllers\Main->init()
 3 SYSTEMPATH\CodeIgniter.php(502): CodeIgniter\CodeIgniter->runController(Object(App\Controllers\Main))
 4 SYSTEMPATH\CodeIgniter.php(361): CodeIgniter\CodeIgniter->handleRequest(null, Object(Config\Cache), false)
 5 FCPATH\index.php(79): CodeIgniter\CodeIgniter->run()
CRITICAL - 2024-05-12 12:47:01 --> TypeError: key_exists(): Argument #2 ($array) must be of type array, null given
in APPPATH\Controllers\Main.php on line 25.
 1 APPPATH\Controllers\Main.php(25): key_exists('api_url', null)
 2 SYSTEMPATH\CodeIgniter.php(941): App\Controllers\Main->init()
 3 SYSTEMPATH\CodeIgniter.php(502): CodeIgniter\CodeIgniter->runController(Object(App\Controllers\Main))
 4 SYSTEMPATH\CodeIgniter.php(361): CodeIgniter\CodeIgniter->handleRequest(null, Object(Config\Cache), false)
 5 FCPATH\index.php(79): CodeIgniter\CodeIgniter->run()
CRITICAL - 2024-05-12 12:47:01 --> TypeError: key_exists(): Argument #2 ($array) must be of type array, null given
in APPPATH\Controllers\Main.php on line 25.
 1 APPPATH\Controllers\Main.php(25): key_exists('api_url', null)
 2 SYSTEMPATH\CodeIgniter.php(941): App\Controllers\Main->init()
 3 SYSTEMPATH\CodeIgniter.php(502): CodeIgniter\CodeIgniter->runController(Object(App\Controllers\Main))
 4 SYSTEMPATH\CodeIgniter.php(361): CodeIgniter\CodeIgniter->handleRequest(null, Object(Config\Cache), false)
 5 FCPATH\index.php(79): CodeIgniter\CodeIgniter->run()
CRITICAL - 2024-05-12 12:47:01 --> TypeError: key_exists(): Argument #2 ($array) must be of type array, null given
in APPPATH\Controllers\Main.php on line 25.
 1 APPPATH\Controllers\Main.php(25): key_exists('api_url', null)
 2 SYSTEMPATH\CodeIgniter.php(941): App\Controllers\Main->init()
 3 SYSTEMPATH\CodeIgniter.php(502): CodeIgniter\CodeIgniter->runController(Object(App\Controllers\Main))
 4 SYSTEMPATH\CodeIgniter.php(361): CodeIgniter\CodeIgniter->handleRequest(null, Object(Config\Cache), false)
 5 FCPATH\index.php(79): CodeIgniter\CodeIgniter->run()
CRITICAL - 2024-05-12 12:47:02 --> TypeError: key_exists(): Argument #2 ($array) must be of type array, null given
in APPPATH\Controllers\Main.php on line 25.
 1 APPPATH\Controllers\Main.php(25): key_exists('api_url', null)
 2 SYSTEMPATH\CodeIgniter.php(941): App\Controllers\Main->init()
 3 SYSTEMPATH\CodeIgniter.php(502): CodeIgniter\CodeIgniter->runController(Object(App\Controllers\Main))
 4 SYSTEMPATH\CodeIgniter.php(361): CodeIgniter\CodeIgniter->handleRequest(null, Object(Config\Cache), false)
 5 FCPATH\index.php(79): CodeIgniter\CodeIgniter->run()
CRITICAL - 2024-05-12 12:47:02 --> TypeError: key_exists(): Argument #2 ($array) must be of type array, null given
in APPPATH\Controllers\Main.php on line 25.
 1 APPPATH\Controllers\Main.php(25): key_exists('api_url', null)
 2 SYSTEMPATH\CodeIgniter.php(941): App\Controllers\Main->init()
 3 SYSTEMPATH\CodeIgniter.php(502): CodeIgniter\CodeIgniter->runController(Object(App\Controllers\Main))
 4 SYSTEMPATH\CodeIgniter.php(361): CodeIgniter\CodeIgniter->handleRequest(null, Object(Config\Cache), false)
 5 FCPATH\index.php(79): CodeIgniter\CodeIgniter->run()
CRITICAL - 2024-05-12 12:47:02 --> TypeError: key_exists(): Argument #2 ($array) must be of type array, null given
in APPPATH\Controllers\Main.php on line 25.
 1 APPPATH\Controllers\Main.php(25): key_exists('api_url', null)
 2 SYSTEMPATH\CodeIgniter.php(941): App\Controllers\Main->init()
 3 SYSTEMPATH\CodeIgniter.php(502): CodeIgniter\CodeIgniter->runController(Object(App\Controllers\Main))
 4 SYSTEMPATH\CodeIgniter.php(361): CodeIgniter\CodeIgniter->handleRequest(null, Object(Config\Cache), false)
 5 FCPATH\index.php(79): CodeIgniter\CodeIgniter->run()
CRITICAL - 2024-05-12 12:47:02 --> TypeError: key_exists(): Argument #2 ($array) must be of type array, null given
in APPPATH\Controllers\Main.php on line 25.
 1 APPPATH\Controllers\Main.php(25): key_exists('api_url', null)
 2 SYSTEMPATH\CodeIgniter.php(941): App\Controllers\Main->init()
 3 SYSTEMPATH\CodeIgniter.php(502): CodeIgniter\CodeIgniter->runController(Object(App\Controllers\Main))
 4 SYSTEMPATH\CodeIgniter.php(361): CodeIgniter\CodeIgniter->handleRequest(null, Object(Config\Cache), false)
 5 FCPATH\index.php(79): CodeIgniter\CodeIgniter->run()
CRITICAL - 2024-05-12 12:47:02 --> TypeError: key_exists(): Argument #2 ($array) must be of type array, null given
in APPPATH\Controllers\Main.php on line 25.
 1 APPPATH\Controllers\Main.php(25): key_exists('api_url', null)
 2 SYSTEMPATH\CodeIgniter.php(941): App\Controllers\Main->init()
 3 SYSTEMPATH\CodeIgniter.php(502): CodeIgniter\CodeIgniter->runController(Object(App\Controllers\Main))
 4 SYSTEMPATH\CodeIgniter.php(361): CodeIgniter\CodeIgniter->handleRequest(null, Object(Config\Cache), false)
 5 FCPATH\index.php(79): CodeIgniter\CodeIgniter->run()
CRITICAL - 2024-05-12 12:47:02 --> TypeError: key_exists(): Argument #2 ($array) must be of type array, null given
in APPPATH\Controllers\Main.php on line 25.
 1 APPPATH\Controllers\Main.php(25): key_exists('api_url', null)
 2 SYSTEMPATH\CodeIgniter.php(941): App\Controllers\Main->init()
 3 SYSTEMPATH\CodeIgniter.php(502): CodeIgniter\CodeIgniter->runController(Object(App\Controllers\Main))
 4 SYSTEMPATH\CodeIgniter.php(361): CodeIgniter\CodeIgniter->handleRequest(null, Object(Config\Cache), false)
 5 FCPATH\index.php(79): CodeIgniter\CodeIgniter->run()
INFO - 2024-05-12 12:51:12 --> Session: Class initialized using 'CodeIgniter\Session\Handlers\FileHandler' driver.
INFO - 2024-05-12 12:51:12 --> Session: Class initialized using 'CodeIgniter\Session\Handlers\FileHandler' driver.
INFO - 2024-05-12 12:51:12 --> Session: Class initialized using 'CodeIgniter\Session\Handlers\FileHandler' driver.
INFO - 2024-05-12 12:51:12 --> Session: Class initialized using 'CodeIgniter\Session\Handlers\FileHandler' driver.
INFO - 2024-05-12 13:11:16 --> Session: Class initialized using 'CodeIgniter\Session\Handlers\FileHandler' driver.
INFO - 2024-05-12 13:38:44 --> Session: Class initialized using 'CodeIgniter\Session\Handlers\FileHandler' driver.
INFO - 2024-05-12 13:38:45 --> Session: Class initialized using 'CodeIgniter\Session\Handlers\FileHandler' driver.
INFO - 2024-05-12 13:38:52 --> Session: Class initialized using 'CodeIgniter\Session\Handlers\FileHandler' driver.
INFO - 2024-05-12 13:39:03 --> Session: Class initialized using 'CodeIgniter\Session\Handlers\FileHandler' driver.
INFO - 2024-05-12 13:39:04 --> Session: Class initialized using 'CodeIgniter\Session\Handlers\FileHandler' driver.
INFO - 2024-05-12 13:39:04 --> Session: Class initialized using 'CodeIgniter\Session\Handlers\FileHandler' driver.
INFO - 2024-05-12 13:39:48 --> Session: Class initialized using 'CodeIgniter\Session\Handlers\FileHandler' driver.
